<?xml version="1.0" encoding="UTF-8"?>
<!-- Generated by org.testng.reporters.JUnitReportReporter -->
<testsuite hostname="DESKTOP-TEGCG16" failures="0" tests="1" name="driverFactory.AppTest" time="44.667" errors="0" timestamp="2024-07-03T15:49:12 IST" skipped="0">
  <testcase classname="driverFactory.AppTest" name="KickStart" time="44.667"/>
  <system-out/>
</testsuite> <!-- driverFactory.AppTest -->
